DEBUG:Chroma:Logger created
DEBUG:Chroma:Index not found
DEBUG:Chroma:Index saved to {self._save_folder}/index.bin
DEBUG:Chroma:Index saved to {self._save_folder}/index.bin
WARNING:pypdf._page: impossible to decode XFormObject /FormXob.706c88407ebcd7f13d7817c1ce29c3f4
WARNING:pypdf._page: impossible to decode XFormObject /FormXob.63549f4b1d77d4ff55499310401489b5
WARNING:pypdf._page: impossible to decode XFormObject /FormXob.65f998db8cea25f51017d572d0e2b4d1
WARNING:pypdf._page: impossible to decode XFormObject /FormXob.93cb92ec76760337cbf2d7b61fdcb2c2
WARNING:pypdf._page: impossible to decode XFormObject /FormXob.93cb92ec76760337cbf2d7b61fdcb2c2
WARNING:pypdf._page: impossible to decode XFormObject /FormXob.93cb92ec76760337cbf2d7b61fdcb2c2
WARNING:pypdf._page: impossible to decode XFormObject /FormXob.e0a501387067a175f17e650d4372b56d
WARNING:pypdf._page: impossible to decode XFormObject /FormXob.abe49d6fbc8b28f0df475608cb4af4a3
WARNING:pypdf._page: impossible to decode XFormObject /FormXob.eecdef39234f37bb6d5a5265f2b0d5bf
DEBUG:Chroma:Index not found
DEBUG:Chroma:Index saved to {self._save_folder}/index.bin
DEBUG:Chroma:Index saved to {self._save_folder}/index.bin
DEBUG:Chroma:time to pre process our knn query: 9.5367431640625e-07
DEBUG:Chroma:time to run knn query: 0.00014972686767578125
WARNING:pypdf._page: impossible to decode XFormObject /FormXob.706c88407ebcd7f13d7817c1ce29c3f4
WARNING:pypdf._page: impossible to decode XFormObject /FormXob.63549f4b1d77d4ff55499310401489b5
WARNING:pypdf._page: impossible to decode XFormObject /FormXob.65f998db8cea25f51017d572d0e2b4d1
WARNING:pypdf._page: impossible to decode XFormObject /FormXob.93cb92ec76760337cbf2d7b61fdcb2c2
WARNING:pypdf._page: impossible to decode XFormObject /FormXob.93cb92ec76760337cbf2d7b61fdcb2c2
WARNING:pypdf._page: impossible to decode XFormObject /FormXob.93cb92ec76760337cbf2d7b61fdcb2c2
WARNING:pypdf._page: impossible to decode XFormObject /FormXob.e0a501387067a175f17e650d4372b56d
WARNING:pypdf._page: impossible to decode XFormObject /FormXob.abe49d6fbc8b28f0df475608cb4af4a3
WARNING:pypdf._page: impossible to decode XFormObject /FormXob.eecdef39234f37bb6d5a5265f2b0d5bf
DEBUG:Chroma:Index not found
DEBUG:Chroma:Index saved to {self._save_folder}/index.bin
DEBUG:Chroma:Index saved to {self._save_folder}/index.bin
DEBUG:Chroma:time to pre process our knn query: 1.1920928955078125e-06
DEBUG:Chroma:time to run knn query: 0.0001811981201171875
WARNING:pypdf._page: impossible to decode XFormObject /FormXob.706c88407ebcd7f13d7817c1ce29c3f4
WARNING:pypdf._page: impossible to decode XFormObject /FormXob.63549f4b1d77d4ff55499310401489b5
WARNING:pypdf._page: impossible to decode XFormObject /FormXob.65f998db8cea25f51017d572d0e2b4d1
WARNING:pypdf._page: impossible to decode XFormObject /FormXob.93cb92ec76760337cbf2d7b61fdcb2c2
WARNING:pypdf._page: impossible to decode XFormObject /FormXob.93cb92ec76760337cbf2d7b61fdcb2c2
WARNING:pypdf._page: impossible to decode XFormObject /FormXob.93cb92ec76760337cbf2d7b61fdcb2c2
WARNING:pypdf._page: impossible to decode XFormObject /FormXob.e0a501387067a175f17e650d4372b56d
WARNING:pypdf._page: impossible to decode XFormObject /FormXob.abe49d6fbc8b28f0df475608cb4af4a3
WARNING:pypdf._page: impossible to decode XFormObject /FormXob.eecdef39234f37bb6d5a5265f2b0d5bf
DEBUG:Chroma:Index not found
DEBUG:Chroma:Index saved to {self._save_folder}/index.bin
DEBUG:Chroma:Index saved to {self._save_folder}/index.bin
DEBUG:Chroma:time to pre process our knn query: 1.430511474609375e-06
DEBUG:Chroma:time to run knn query: 0.0001552104949951172
WARNING:pypdf._page: impossible to decode XFormObject /FormXob.706c88407ebcd7f13d7817c1ce29c3f4
WARNING:pypdf._page: impossible to decode XFormObject /FormXob.63549f4b1d77d4ff55499310401489b5
WARNING:pypdf._page: impossible to decode XFormObject /FormXob.65f998db8cea25f51017d572d0e2b4d1
WARNING:pypdf._page: impossible to decode XFormObject /FormXob.93cb92ec76760337cbf2d7b61fdcb2c2
WARNING:pypdf._page: impossible to decode XFormObject /FormXob.93cb92ec76760337cbf2d7b61fdcb2c2
WARNING:pypdf._page: impossible to decode XFormObject /FormXob.93cb92ec76760337cbf2d7b61fdcb2c2
WARNING:pypdf._page: impossible to decode XFormObject /FormXob.e0a501387067a175f17e650d4372b56d
WARNING:pypdf._page: impossible to decode XFormObject /FormXob.abe49d6fbc8b28f0df475608cb4af4a3
WARNING:pypdf._page: impossible to decode XFormObject /FormXob.eecdef39234f37bb6d5a5265f2b0d5bf
DEBUG:Chroma:Index not found
DEBUG:Chroma:Index saved to {self._save_folder}/index.bin
DEBUG:Chroma:Index saved to {self._save_folder}/index.bin
DEBUG:Chroma:time to pre process our knn query: 1.430511474609375e-06
DEBUG:Chroma:time to run knn query: 0.00021123886108398438
WARNING:pypdf._page: impossible to decode XFormObject /FormXob.706c88407ebcd7f13d7817c1ce29c3f4
WARNING:pypdf._page: impossible to decode XFormObject /FormXob.63549f4b1d77d4ff55499310401489b5
WARNING:pypdf._page: impossible to decode XFormObject /FormXob.65f998db8cea25f51017d572d0e2b4d1
WARNING:pypdf._page: impossible to decode XFormObject /FormXob.93cb92ec76760337cbf2d7b61fdcb2c2
WARNING:pypdf._page: impossible to decode XFormObject /FormXob.93cb92ec76760337cbf2d7b61fdcb2c2
WARNING:pypdf._page: impossible to decode XFormObject /FormXob.93cb92ec76760337cbf2d7b61fdcb2c2
WARNING:pypdf._page: impossible to decode XFormObject /FormXob.e0a501387067a175f17e650d4372b56d
WARNING:pypdf._page: impossible to decode XFormObject /FormXob.abe49d6fbc8b28f0df475608cb4af4a3
WARNING:pypdf._page: impossible to decode XFormObject /FormXob.eecdef39234f37bb6d5a5265f2b0d5bf
DEBUG:Chroma:Index not found
DEBUG:Chroma:Index saved to {self._save_folder}/index.bin
DEBUG:Chroma:Index saved to {self._save_folder}/index.bin
DEBUG:Chroma:time to pre process our knn query: 1.6689300537109375e-06
DEBUG:Chroma:time to run knn query: 0.00018215179443359375
DEBUG:Chroma:Index not found
DEBUG:Chroma:Index saved to {self._save_folder}/index.bin
DEBUG:Chroma:Index saved to {self._save_folder}/index.bin
DEBUG:Chroma:time to pre process our knn query: 1.6689300537109375e-06
DEBUG:Chroma:time to run knn query: 0.000148773193359375
DEBUG:Chroma:Index not found
DEBUG:Chroma:Index saved to {self._save_folder}/index.bin
DEBUG:Chroma:Index saved to {self._save_folder}/index.bin
DEBUG:Chroma:time to pre process our knn query: 1.1920928955078125e-06
DEBUG:Chroma:time to run knn query: 0.0001456737518310547
DEBUG:Chroma:Index not found
DEBUG:Chroma:Index saved to {self._save_folder}/index.bin
DEBUG:Chroma:Index saved to {self._save_folder}/index.bin
DEBUG:Chroma:time to pre process our knn query: 1.1920928955078125e-06
DEBUG:Chroma:time to run knn query: 0.0001468658447265625
DEBUG:Chroma:Index not found
DEBUG:Chroma:Index saved to {self._save_folder}/index.bin
DEBUG:Chroma:Index saved to {self._save_folder}/index.bin
DEBUG:Chroma:time to pre process our knn query: 1.1920928955078125e-06
DEBUG:Chroma:time to run knn query: 0.00016307830810546875
WARNING:unstructured:detectron2 is not installed. Cannot use the hi_res partitioning strategy. Falling back to partitioning with the fast strategy.
WARNING:unstructured:detectron2 is not installed. Cannot use the hi_res partitioning strategy. Falling back to partitioning with the fast strategy.
DEBUG:Chroma:Index not found
DEBUG:Chroma:Index saved to {self._save_folder}/index.bin
DEBUG:Chroma:Index saved to {self._save_folder}/index.bin
DEBUG:Chroma:time to pre process our knn query: 1.1920928955078125e-06
DEBUG:Chroma:time to run knn query: 0.00015735626220703125
WARNING:unstructured:detectron2 is not installed. Cannot use the hi_res partitioning strategy. Falling back to partitioning with the fast strategy.
WARNING:unstructured:detectron2 is not installed. Cannot use the hi_res partitioning strategy. Falling back to partitioning with the fast strategy.
DEBUG:Chroma:Index not found
DEBUG:Chroma:Index saved to {self._save_folder}/index.bin
DEBUG:Chroma:Index saved to {self._save_folder}/index.bin
DEBUG:Chroma:time to pre process our knn query: 1.1920928955078125e-06
DEBUG:Chroma:time to run knn query: 0.00015497207641601562
DEBUG:Chroma:time to pre process our knn query: 1.430511474609375e-06
DEBUG:Chroma:time to run knn query: 0.0001366138458251953
DEBUG:Chroma:time to pre process our knn query: 1.1920928955078125e-06
DEBUG:Chroma:time to run knn query: 0.00015544891357421875
DEBUG:Chroma:time to pre process our knn query: 7.152557373046875e-07
DEBUG:Chroma:time to run knn query: 9.322166442871094e-05
DEBUG:Chroma:time to pre process our knn query: 1.430511474609375e-06
DEBUG:Chroma:time to run knn query: 0.00016427040100097656
DEBUG:Chroma:time to pre process our knn query: 1.1920928955078125e-06
DEBUG:Chroma:time to run knn query: 0.000148773193359375
DEBUG:Chroma:time to pre process our knn query: 9.5367431640625e-07
DEBUG:Chroma:time to run knn query: 0.0001323223114013672
DEBUG:Chroma:time to pre process our knn query: 1.430511474609375e-06
DEBUG:Chroma:time to run knn query: 0.00015544891357421875
DEBUG:Chroma:time to pre process our knn query: 9.5367431640625e-07
DEBUG:Chroma:time to run knn query: 0.00014972686767578125
WARNING:unstructured:detectron2 is not installed. Cannot use the hi_res partitioning strategy. Falling back to partitioning with the fast strategy.
WARNING:unstructured:detectron2 is not installed. Cannot use the hi_res partitioning strategy. Falling back to partitioning with the fast strategy.
DEBUG:Chroma:Index not found
DEBUG:Chroma:Index saved to {self._save_folder}/index.bin
DEBUG:Chroma:Index saved to {self._save_folder}/index.bin
DEBUG:Chroma:time to pre process our knn query: 1.1920928955078125e-06
DEBUG:Chroma:time to run knn query: 0.00013017654418945312
DEBUG:Chroma:time to pre process our knn query: 1.6689300537109375e-06
DEBUG:Chroma:time to run knn query: 0.00015997886657714844
DEBUG:Chroma:time to pre process our knn query: 1.430511474609375e-06
DEBUG:Chroma:time to run knn query: 0.00013184547424316406
DEBUG:Chroma:time to pre process our knn query: 1.430511474609375e-06
DEBUG:Chroma:time to run knn query: 0.00014591217041015625
DEBUG:Chroma:time to pre process our knn query: 1.6689300537109375e-06
DEBUG:Chroma:time to run knn query: 0.0001761913299560547
WARNING:unstructured:detectron2 is not installed. Cannot use the hi_res partitioning strategy. Falling back to partitioning with the fast strategy.
WARNING:unstructured:detectron2 is not installed. Cannot use the hi_res partitioning strategy. Falling back to partitioning with the fast strategy.
DEBUG:Chroma:Index not found
DEBUG:Chroma:Index saved to {self._save_folder}/index.bin
DEBUG:Chroma:Index saved to {self._save_folder}/index.bin
DEBUG:Chroma:time to pre process our knn query: 1.1920928955078125e-06
DEBUG:Chroma:time to run knn query: 0.0001327991485595703
WARNING:unstructured:detectron2 is not installed. Cannot use the hi_res partitioning strategy. Falling back to partitioning with the fast strategy.
WARNING:unstructured:detectron2 is not installed. Cannot use the hi_res partitioning strategy. Falling back to partitioning with the fast strategy.
DEBUG:Chroma:Index not found
DEBUG:Chroma:Index saved to {self._save_folder}/index.bin
DEBUG:Chroma:Index saved to {self._save_folder}/index.bin
DEBUG:Chroma:time to pre process our knn query: 1.6689300537109375e-06
DEBUG:Chroma:time to run knn query: 0.00015044212341308594
WARNING:unstructured:detectron2 is not installed. Cannot use the hi_res partitioning strategy. Falling back to partitioning with the fast strategy.
WARNING:unstructured:detectron2 is not installed. Cannot use the hi_res partitioning strategy. Falling back to partitioning with the fast strategy.
DEBUG:Chroma:Index not found
DEBUG:Chroma:Index saved to {self._save_folder}/index.bin
DEBUG:Chroma:Index saved to {self._save_folder}/index.bin
DEBUG:Chroma:time to pre process our knn query: 1.430511474609375e-06
DEBUG:Chroma:time to run knn query: 0.0001347064971923828
WARNING:unstructured:detectron2 is not installed. Cannot use the hi_res partitioning strategy. Falling back to partitioning with the fast strategy.
WARNING:unstructured:detectron2 is not installed. Cannot use the hi_res partitioning strategy. Falling back to partitioning with the fast strategy.
DEBUG:Chroma:Index not found
DEBUG:Chroma:Index saved to {self._save_folder}/index.bin
DEBUG:Chroma:Index saved to {self._save_folder}/index.bin
DEBUG:Chroma:time to pre process our knn query: 1.6689300537109375e-06
DEBUG:Chroma:time to run knn query: 0.0001513957977294922
DEBUG:Chroma:time to pre process our knn query: 1.1920928955078125e-06
DEBUG:Chroma:time to run knn query: 9.655952453613281e-05
DEBUG:Chroma:time to pre process our knn query: 9.5367431640625e-07
DEBUG:Chroma:time to run knn query: 0.00012993812561035156
DEBUG:Chroma:time to pre process our knn query: 1.1920928955078125e-06
DEBUG:Chroma:time to run knn query: 0.00015282630920410156
DEBUG:Chroma:time to pre process our knn query: 1.430511474609375e-06
DEBUG:Chroma:time to run knn query: 0.0001595020294189453
DEBUG:Chroma:time to pre process our knn query: 9.5367431640625e-07
DEBUG:Chroma:time to run knn query: 0.00013899803161621094
DEBUG:Chroma:time to pre process our knn query: 1.430511474609375e-06
DEBUG:Chroma:time to run knn query: 0.0001461505889892578
DEBUG:Chroma:time to pre process our knn query: 1.430511474609375e-06
DEBUG:Chroma:time to run knn query: 0.000164031982421875
DEBUG:Chroma:time to pre process our knn query: 1.1920928955078125e-06
DEBUG:Chroma:time to run knn query: 0.00014591217041015625
DEBUG:Chroma:time to pre process our knn query: 1.430511474609375e-06
DEBUG:Chroma:time to run knn query: 0.0001361370086669922
DEBUG:Chroma:time to pre process our knn query: 1.430511474609375e-06
DEBUG:Chroma:time to run knn query: 0.00015354156494140625
DEBUG:Chroma:time to pre process our knn query: 1.6689300537109375e-06
DEBUG:Chroma:time to run knn query: 0.00015473365783691406
DEBUG:Chroma:time to pre process our knn query: 7.152557373046875e-07
DEBUG:Chroma:time to run knn query: 0.00012946128845214844
DEBUG:Chroma:time to pre process our knn query: 1.6689300537109375e-06
DEBUG:Chroma:time to run knn query: 0.000171661376953125
DEBUG:Chroma:time to pre process our knn query: 1.1920928955078125e-06
DEBUG:Chroma:time to run knn query: 0.0001327991485595703
WARNING:unstructured:detectron2 is not installed. Cannot use the hi_res partitioning strategy. Falling back to partitioning with the fast strategy.
DEBUG:Chroma:Logger created
DEBUG:Chroma:Index not found
DEBUG:Chroma:Index saved to {self._save_folder}/index.bin
DEBUG:Chroma:Index saved to {self._save_folder}/index.bin
DEBUG:Chroma:time to pre process our knn query: 1.1920928955078125e-06
DEBUG:Chroma:time to run knn query: 0.00020551681518554688
DEBUG:Chroma:time to pre process our knn query: 1.9073486328125e-06
DEBUG:Chroma:time to run knn query: 0.00019860267639160156
DEBUG:Chroma:time to pre process our knn query: 1.9073486328125e-06
DEBUG:Chroma:time to run knn query: 0.0002410411834716797
DEBUG:Chroma:time to pre process our knn query: 1.9073486328125e-06
DEBUG:Chroma:time to run knn query: 0.0002460479736328125
DEBUG:Chroma:time to pre process our knn query: 1.1920928955078125e-06
DEBUG:Chroma:time to run knn query: 0.0002052783966064453
DEBUG:Chroma:time to pre process our knn query: 1.1920928955078125e-06
DEBUG:Chroma:time to run knn query: 0.00014328956604003906
DEBUG:Chroma:time to pre process our knn query: 1.6689300537109375e-06
DEBUG:Chroma:time to run knn query: 0.00019216537475585938
DEBUG:Chroma:time to pre process our knn query: 1.430511474609375e-06
DEBUG:Chroma:time to run knn query: 0.000186920166015625
DEBUG:Chroma:time to pre process our knn query: 1.430511474609375e-06
DEBUG:Chroma:time to run knn query: 0.0001685619354248047
DEBUG:Chroma:time to pre process our knn query: 1.1920928955078125e-06
DEBUG:Chroma:time to run knn query: 0.00015091896057128906
DEBUG:Chroma:time to pre process our knn query: 2.1457672119140625e-06
DEBUG:Chroma:time to run knn query: 0.00021266937255859375
DEBUG:Chroma:time to pre process our knn query: 1.6689300537109375e-06
DEBUG:Chroma:time to run knn query: 0.00019931793212890625
DEBUG:Chroma:time to pre process our knn query: 2.1457672119140625e-06
DEBUG:Chroma:time to run knn query: 0.00022840499877929688
DEBUG:Chroma:time to pre process our knn query: 1.1920928955078125e-06
DEBUG:Chroma:time to run knn query: 0.00020766258239746094
DEBUG:Chroma:time to pre process our knn query: 2.384185791015625e-06
DEBUG:Chroma:time to run knn query: 0.0002434253692626953
DEBUG:Chroma:time to pre process our knn query: 1.6689300537109375e-06
DEBUG:Chroma:time to run knn query: 0.00025916099548339844
DEBUG:Chroma:time to pre process our knn query: 1.6689300537109375e-06
DEBUG:Chroma:time to run knn query: 0.00020241737365722656
DEBUG:Chroma:time to pre process our knn query: 1.6689300537109375e-06
DEBUG:Chroma:time to run knn query: 0.0002512931823730469
DEBUG:Chroma:Logger created
DEBUG:Chroma:Index not found
DEBUG:Chroma:Index saved to {self._save_folder}/index.bin
DEBUG:Chroma:Index saved to {self._save_folder}/index.bin
DEBUG:Chroma:Logger created
DEBUG:Chroma:Index not found
DEBUG:Chroma:Index saved to {self._save_folder}/index.bin
DEBUG:Chroma:Index saved to {self._save_folder}/index.bin
DEBUG:Chroma:Logger created
DEBUG:Chroma:Index not found
DEBUG:Chroma:Index saved to {self._save_folder}/index.bin
DEBUG:Chroma:Index saved to {self._save_folder}/index.bin
DEBUG:Chroma:time to pre process our knn query: 1.1920928955078125e-06
DEBUG:Chroma:time to run knn query: 0.00016641616821289062
DEBUG:Chroma:Logger created
DEBUG:Chroma:Index not found
DEBUG:Chroma:Index saved to {self._save_folder}/index.bin
DEBUG:Chroma:Index saved to {self._save_folder}/index.bin
DEBUG:Chroma:time to pre process our knn query: 2.1457672119140625e-06
DEBUG:Chroma:time to run knn query: 0.0001685619354248047
WARNING:unstructured:detectron2 is not installed. Cannot use the hi_res partitioning strategy. Falling back to partitioning with the fast strategy.
WARNING:unstructured:detectron2 is not installed. Cannot use the hi_res partitioning strategy. Falling back to partitioning with the fast strategy.
WARNING:unstructured:detectron2 is not installed. Cannot use the hi_res partitioning strategy. Falling back to partitioning with the fast strategy.
WARNING:unstructured:detectron2 is not installed. Cannot use the hi_res partitioning strategy. Falling back to partitioning with the fast strategy.
WARNING:unstructured:detectron2 is not installed. Cannot use the hi_res partitioning strategy. Falling back to partitioning with the fast strategy.
